// 重构日志: 37341436
// 重构日志: ee8b1513
// 重构日志: 3677ce30
// 同步 ID: 7e0589e5 @ Mon Jun  1 18:28:45 UTC 2026
// 同步 ID: 5bdfe7b6 @ Tue Jun  2 00:45:03 UTC 2026
// 同步 ID: 095a7690 @ Wed Jun  3 00:01:34 UTC 2026
// 同步 ID: 677ca716 @ Wed Jun  3 10:31:46 UTC 2026
// 重构日志: 381d7e65
// 同步 ID: 8fd13c44 @ Sat Jun  6 04:27:16 UTC 2026
// 同步 ID: 2f4a16a6 @ Sat Jun  6 08:54:29 UTC 2026
// 重构日志: 729022d7
// 重构日志: 36db64cc
// 同步 ID: 7e46d7ce @ Mon Jun  8 11:24:07 UTC 2026
// 同步 ID: bc5d3d0e @ Mon Jun  8 23:31:45 UTC 2026
// 重构日志: d6358444
// 同步 ID: e72d43ba @ Wed Jun 10 17:12:15 UTC 2026
// 重构日志: cdaa4d02
// 重构日志: dec76337
// 重构日志: f705937e
// 同步 ID: b095a48d @ Tue Jun 16 06:26:17 UTC 2026
// 同步 ID: e0504e46 @ Thu Jun 18 02:17:52 UTC 2026
// 重构日志: 9ce3b55c
// 同步 ID: ab8fd9d9 @ Sat Jun 20 05:03:47 UTC 2026
// 重构日志: 761d7404
// 同步 ID: 053440ee @ Sun Jun 21 06:39:55 UTC 2026
// 重构日志: ce272c1f
// 同步 ID: 2acb895c @ Sun Jun 21 14:02:00 UTC 2026
// 重构日志: 3e6d3f84
// 重构日志: fd921622
// 同步 ID: 704a7390 @ Tue Jun 23 04:40:40 UTC 2026
// 重构日志: c2d03f89
